[debug] [2024-11-13T05:28:40.080Z] ----------------------------------------------------------------------
[debug] [2024-11-13T05:28:40.086Z] Command:       C:\Program Files\nodejs\node.exe C:\Users\Microsoft\AppData\Roaming\npm\node_modules\firebase-tools\lib\bin\firebase.js init
[debug] [2024-11-13T05:28:40.086Z] CLI Version:   13.25.0
[debug] [2024-11-13T05:28:40.086Z] Platform:      win32
[debug] [2024-11-13T05:28:40.087Z] Node Version:  v22.11.0
[debug] [2024-11-13T05:28:40.087Z] Time:          Wed Nov 13 2024 10:28:40 GMT+0500 (Pakistan Standard Time)
[debug] [2024-11-13T05:28:40.088Z] ----------------------------------------------------------------------
[debug] 
[debug] [2024-11-13T05:28:40.210Z] > command requires scopes: ["email","openid","https://www.googleapis.com/auth/cloudplatformprojects.readonly","https://www.googleapis.com/auth/firebase","https://www.googleapis.com/auth/cloud-platform"]
[debug] [2024-11-13T05:28:40.211Z] > authorizing via signed-in user (safamushtaqsurti@gmail.com)
[info] 
     ######## #### ########  ######## ########     ###     ######  ########
     ##        ##  ##     ## ##       ##     ##  ##   ##  ##       ##
     ######    ##  ########  ######   ########  #########  ######  ######
     ##        ##  ##    ##  ##       ##     ## ##     ##       ## ##
     ##       #### ##     ## ######## ########  ##     ##  ######  ########

You're about to initialize a Firebase project in this directory:

  C:\Users\Microsoft\Desktop\Module A

Before we get started, keep in mind:

  * You are initializing within an existing Firebase project directory

[info] 
=== Project Setup
[info] 
[info] First, let's associate this project directory with a Firebase project.
[info] You can create multiple project aliases by running firebase use --add, 
[info] but for now we'll just set up a default project.
[info] 
[debug] [2024-11-13T05:29:25.305Z] Using project from CLI flag: firstproject-5aacb
[debug] [2024-11-13T05:29:25.307Z] Checked if tokens are valid: false, expires at: 1721306322038
[debug] [2024-11-13T05:29:25.307Z] Checked if tokens are valid: false, expires at: 1721306322038
[debug] [2024-11-13T05:29:25.307Z] > refreshing access token with scopes: []
[debug] [2024-11-13T05:29:25.311Z] >>> [apiv2][query] POST https://www.googleapis.com/oauth2/v3/token [none]
[debug] [2024-11-13T05:29:25.311Z] >>> [apiv2][body] POST https://www.googleapis.com/oauth2/v3/token [omitted]
[debug] [2024-11-13T05:29:25.731Z] <<< [apiv2][status] POST https://www.googleapis.com/oauth2/v3/token 400
[debug] [2024-11-13T05:29:25.732Z] <<< [apiv2][body] POST https://www.googleapis.com/oauth2/v3/token [omitted]
[debug] [2024-11-13T05:29:25.733Z] >>> [apiv2][query] GET https://firebase.googleapis.com/v1beta1/projects/firstproject-5aacb [none]
[debug] [2024-11-13T05:29:26.074Z] <<< [apiv2][status] GET https://firebase.googleapis.com/v1beta1/projects/firstproject-5aacb 401
[debug] [2024-11-13T05:29:26.074Z] <<< [apiv2][body] GET https://firebase.googleapis.com/v1beta1/projects/firstproject-5aacb {"error":{"code":401,"message":"Request had invalid authentication credentials. Expected OAuth 2 access token, login cookie or other valid authentication credential. See https://developers.google.com/identity/sign-in/web/devconsole-project.","status":"UNAUTHENTICATED"}}
[debug] [2024-11-13T05:29:26.074Z] Got a 401 Unauthenticated error for a call that required authentication. Refreshing tokens.
[debug] [2024-11-13T05:29:26.075Z] Checked if tokens are valid: false, expires at: 1721306322038
[debug] [2024-11-13T05:29:26.075Z] Checked if tokens are valid: false, expires at: 1721306322038
[debug] [2024-11-13T05:29:26.075Z] > refreshing access token with scopes: []
[debug] [2024-11-13T05:29:26.076Z] >>> [apiv2][query] POST https://www.googleapis.com/oauth2/v3/token [none]
[debug] [2024-11-13T05:29:26.077Z] >>> [apiv2][body] POST https://www.googleapis.com/oauth2/v3/token [omitted]
[debug] [2024-11-13T05:29:26.227Z] <<< [apiv2][status] POST https://www.googleapis.com/oauth2/v3/token 400
[debug] [2024-11-13T05:29:26.227Z] <<< [apiv2][body] POST https://www.googleapis.com/oauth2/v3/token [omitted]
[debug] [2024-11-13T05:29:26.230Z] Request to https://firebase.googleapis.com/v1beta1/projects/firstproject-5aacb had HTTP Error: 401, Request had invalid authentication credentials. Expected OAuth 2 access token, login cookie or other valid authentication credential. See https://developers.google.com/identity/sign-in/web/devconsole-project.
[debug] [2024-11-13T05:29:26.555Z] FirebaseError: Request to https://firebase.googleapis.com/v1beta1/projects/firstproject-5aacb had HTTP Error: 401, Request had invalid authentication credentials. Expected OAuth 2 access token, login cookie or other valid authentication credential. See https://developers.google.com/identity/sign-in/web/devconsole-project.
    at responseToError (C:\Users\Microsoft\AppData\Roaming\npm\node_modules\firebase-tools\lib\responseToError.js:52:12)
    at RetryOperation._fn (C:\Users\Microsoft\AppData\Roaming\npm\node_modules\firebase-tools\lib\apiv2.js:312:77)
    at process.processTicksAndRejections (node:internal/process/task_queues:105:5)
[error] 
[error] Error: Failed to get Firebase project firstproject-5aacb. Please make sure the project exists and your account has permission to access it.
